[debug] [2021-03-08T09:29:03.715Z] ----------------------------------------------------------------------
[debug] [2021-03-08T09:29:03.718Z] Command:       C:\Program Files\nodejs\node.exe C:\Users\Ralph Ortega\AppData\Roaming\npm\node_modules\firebase-tools\lib\bin\firebase.js init
[debug] [2021-03-08T09:29:03.718Z] CLI Version:   9.5.0
[debug] [2021-03-08T09:29:03.718Z] Platform:      win32
[debug] [2021-03-08T09:29:03.719Z] Node Version:  v14.15.5
[debug] [2021-03-08T09:29:03.720Z] Time:          Mon Mar 08 2021 10:29:03 GMT+0100 (hora estándar de Europa central)
[debug] [2021-03-08T09:29:03.720Z] ----------------------------------------------------------------------
[debug] [2021-03-08T09:29:03.720Z] 
[debug] [2021-03-08T09:29:03.722Z] >>> [apiv2][query] GET https://firebase-public.firebaseio.com/cli.json [none]
[debug] [2021-03-08T09:29:03.780Z] > command requires scopes: ["email","openid","https://www.googleapis.com/auth/cloudplatformprojects.readonly","https://www.googleapis.com/auth/firebase","https://www.googleapis.com/auth/cloud-platform"]
[debug] [2021-03-08T09:29:03.781Z] > authorizing via signed-in user
[info] 
     ######## #### ########  ######## ########     ###     ######  ########
     ##        ##  ##     ## ##       ##     ##  ##   ##  ##       ##
     ######    ##  ########  ######   ########  #########  ######  ######
     ##        ##  ##    ##  ##       ##     ## ##     ##       ## ##
     ##       #### ##     ## ######## ########  ##     ##  ######  ########

You're about to initialize a Firebase project in this directory:

  C:\Users\Ralph Ortega\Desktop\Platzi\angular\platzi-store

Before we get started, keep in mind:

  * You are initializing in an existing Firebase project directory

[debug] [2021-03-08T09:29:04.437Z] <<< [apiv2][status] GET https://firebase-public.firebaseio.com/cli.json 200
[debug] [2021-03-08T09:29:04.437Z] <<< [apiv2][body] GET https://firebase-public.firebaseio.com/cli.json {"cloudBuildErrorAfter":1594252800000,"cloudBuildWarnAfter":1590019200000,"defaultNode10After":1594252800000,"minVersion":"3.0.5","node8DeploysDisabledAfter":1613390400000,"node8RuntimeDisabledAfter":1615809600000,"node8WarnAfter":1600128000000}
